<?xml version="1.0" encoding="UTF-8"?>
<testsuite name="hello.HelloTest" tests="2" skipped="0" failures="0" errors="0" timestamp="2017-10-09T13:35:24" hostname="DESKTOP-6TSBH2V" time="0.005">
  <properties/>
  <testcase name="check_null" classname="hello.HelloTest" time="0.001"/>
  <testcase name="check" classname="hello.HelloTest" time="0.004"/>
  <system-out><![CDATA[]]></system-out>
  <system-err><![CDATA[]]></system-err>
</testsuite>
