<?xml version="1.0" encoding="UTF-8"?>
<testsuite name="hello.fr.insalyon.telecom.mgl.RomanNumberConverter.RomanNumberConverterTest" tests="2" skipped="0" failures="0" errors="0" timestamp="2017-10-09T13:35:24" hostname="DESKTOP-6TSBH2V" time="0.132">
  <properties/>
  <testcase name="check2" classname="hello.fr.insalyon.telecom.mgl.RomanNumberConverter.RomanNumberConverterTest" time="0.127"/>
  <testcase name="check" classname="hello.fr.insalyon.telecom.mgl.RomanNumberConverter.RomanNumberConverterTest" time="0.004"/>
  <system-out><![CDATA[]]></system-out>
  <system-err><![CDATA[]]></system-err>
</testsuite>
